TN:
SF:out/PrestoCodeLensProvider.js
FN:2,(anonymous_0)
FN:6,(anonymous_1)
FN:9,(anonymous_2)
FN:13,(anonymous_3)
FN:15,(anonymous_4)
FN:18,(anonymous_5)
FN:19,(anonymous_6)
FN:20,(anonymous_7)
FN:27,(anonymous_8)
FN:45,(anonymous_9)
FN:54,(anonymous_10)
FNF:11
FNH:5
FNDA:9,(anonymous_0)
FNDA:0,(anonymous_1)
FNDA:0,(anonymous_2)
FNDA:1,(anonymous_3)
FNDA:0,(anonymous_4)
FNDA:1,(anonymous_5)
FNDA:1,(anonymous_6)
FNDA:0,(anonymous_7)
FNDA:1,(anonymous_8)
FNDA:0,(anonymous_9)
FNDA:0,(anonymous_10)
DA:2,1
DA:3,9
DA:4,9
DA:5,9
DA:6,9
DA:8,9
DA:10,0
DA:11,0
DA:13,1
DA:14,1
DA:16,0
DA:18,1
DA:19,1
DA:20,1
DA:21,0
DA:22,0
DA:23,0
DA:25,1
DA:27,1
DA:28,1
DA:29,1
DA:30,9
DA:31,1
DA:32,1
DA:35,1
DA:36,1
DA:37,1
DA:55,0
DA:56,0
DA:59,0
DA:60,0
DA:61,0
DA:62,0
DA:63,0
DA:64,0
DA:65,0
DA:67,0
DA:68,0
DA:69,0
DA:70,0
DA:71,0
DA:73,0
DA:74,0
DA:75,0
DA:76,0
DA:79,0
DA:80,0
DA:81,0
DA:83,0
DA:84,0
DA:86,0
DA:87,0
DA:92,0
DA:94,0
DA:96,0
DA:99,1
LF:56
LH:22
BRDA:2,0,0,1
BRDA:2,0,1,1
BRDA:2,0,2,1
BRDA:2,1,0,1
BRDA:2,1,1,0
BRDA:3,2,0,9
BRDA:3,2,1,0
BRDA:5,3,0,9
BRDA:5,3,1,0
BRDA:5,4,0,9
BRDA:5,4,1,9
BRDA:5,5,0,0
BRDA:5,5,1,9
BRDA:5,6,0,9
BRDA:5,6,1,0
BRDA:10,7,0,0
BRDA:10,7,1,0
BRDA:13,8,0,1
BRDA:13,8,1,1
BRDA:13,8,2,1
BRDA:13,9,0,1
BRDA:13,9,1,0
BRDA:18,10,0,1
BRDA:18,10,1,1
BRDA:18,10,2,1
BRDA:20,11,0,1
BRDA:20,11,1,0
BRDA:22,12,0,0
BRDA:22,12,1,0
BRDA:28,13,0,0
BRDA:28,13,1,1
BRDA:28,14,0,1
BRDA:28,14,1,1
BRDA:30,15,0,1
BRDA:30,15,1,0
BRDA:30,16,0,9
BRDA:30,16,1,0
BRDA:63,17,0,0
BRDA:63,17,1,0
BRDA:68,18,0,0
BRDA:68,18,1,0
BRDA:80,19,0,0
BRDA:80,19,1,0
BRF:43
BRH:23
end_of_record
TN:
SF:out/extension.js
FN:2,(anonymous_0)
FN:6,(anonymous_1)
FN:9,(anonymous_2)
FN:13,(anonymous_3)
FN:15,(anonymous_4)
FN:18,(anonymous_5)
FN:19,(anonymous_6)
FN:20,(anonymous_7)
FN:27,(anonymous_8)
FN:35,(anonymous_9)
FN:52,(anonymous_10)
FN:62,activate
FN:70,(anonymous_12)
FN:142,(anonymous_13)
FN:256,deactivate
FNF:15
FNH:8
FNDA:15,(anonymous_0)
FNDA:3,(anonymous_1)
FNDA:0,(anonymous_2)
FNDA:2,(anonymous_3)
FNDA:0,(anonymous_4)
FNDA:1,(anonymous_5)
FNDA:1,(anonymous_6)
FNDA:0,(anonymous_7)
FNDA:2,(anonymous_8)
FNDA:1,(anonymous_9)
FNDA:0,(anonymous_10)
FNDA:3,activate
FNDA:0,(anonymous_12)
FNDA:0,(anonymous_13)
FNDA:0,deactivate
DA:2,1
DA:3,15
DA:4,15
DA:5,15
DA:6,15
DA:8,15
DA:10,0
DA:11,0
DA:13,1
DA:14,2
DA:16,0
DA:18,1
DA:19,1
DA:20,1
DA:21,0
DA:22,0
DA:23,0
DA:25,1
DA:27,1
DA:28,2
DA:29,2
DA:30,15
DA:31,2
DA:32,2
DA:35,1
DA:36,1
DA:38,1
DA:39,1
DA:40,1
DA:41,1
DA:43,1
DA:44,1
DA:45,1
DA:46,1
DA:47,1
DA:49,1
DA:52,1
DA:53,0
DA:63,3
DA:65,3
DA:66,3
DA:68,0
DA:70,0
DA:71,0
DA:72,0
DA:73,0
DA:76,0
DA:77,0
DA:78,0
DA:79,0
DA:83,0
DA:84,0
DA:86,0
DA:87,0
DA:88,0
DA:89,0
DA:90,0
DA:91,0
DA:92,0
DA:93,0
DA:94,0
DA:95,0
DA:96,0
DA:97,0
DA:100,0
DA:101,0
DA:105,0
DA:117,0
DA:118,0
DA:120,0
DA:121,0
DA:122,0
DA:123,0
DA:124,0
DA:125,0
DA:126,0
DA:127,0
DA:128,0
DA:129,0
DA:130,0
DA:131,0
DA:133,0
DA:134,0
DA:135,0
DA:136,0
DA:137,0
DA:138,0
DA:139,0
DA:140,0
DA:141,0
DA:142,0
DA:147,0
DA:148,0
DA:149,0
DA:151,0
DA:152,0
DA:153,0
DA:156,0
DA:157,0
DA:158,0
DA:159,0
DA:160,0
DA:161,0
DA:162,0
DA:163,0
DA:165,0
DA:168,0
DA:169,0
DA:171,0
DA:172,0
DA:173,0
DA:174,0
DA:175,0
DA:176,0
DA:178,0
DA:179,0
DA:180,0
DA:184,0
DA:185,0
DA:186,0
DA:190,0
DA:191,0
DA:192,0
DA:195,0
DA:197,0
DA:198,0
DA:199,0
DA:201,0
DA:202,0
DA:213,0
DA:214,0
DA:215,0
DA:216,0
DA:219,0
DA:224,0
DA:227,0
DA:240,0
DA:241,0
DA:245,0
DA:246,0
DA:247,0
DA:248,0
DA:251,0
DA:257,0
LF:144
LH:34
BRDA:2,0,0,1
BRDA:2,0,1,1
BRDA:2,0,2,1
BRDA:2,1,0,1
BRDA:2,1,1,0
BRDA:3,2,0,15
BRDA:3,2,1,0
BRDA:5,3,0,15
BRDA:5,3,1,0
BRDA:5,4,0,15
BRDA:5,4,1,15
BRDA:5,5,0,0
BRDA:5,5,1,15
BRDA:5,6,0,15
BRDA:5,6,1,0
BRDA:10,7,0,0
BRDA:10,7,1,0
BRDA:13,8,0,1
BRDA:13,8,1,1
BRDA:13,8,2,1
BRDA:13,9,0,1
BRDA:13,9,1,0
BRDA:18,10,0,1
BRDA:18,10,1,1
BRDA:18,10,2,1
BRDA:20,11,0,1
BRDA:20,11,1,0
BRDA:22,12,0,0
BRDA:22,12,1,0
BRDA:28,13,0,0
BRDA:28,13,1,2
BRDA:28,14,0,2
BRDA:28,14,1,2
BRDA:30,15,0,2
BRDA:30,15,1,0
BRDA:30,16,0,15
BRDA:30,16,1,0
BRDA:35,17,0,1
BRDA:35,17,1,1
BRDA:35,17,2,1
BRDA:36,18,0,0
BRDA:36,18,1,1
BRDA:36,19,0,1
BRDA:36,19,1,1
BRDA:71,20,0,0
BRDA:71,20,1,0
BRDA:77,21,0,0
BRDA:77,21,1,0
BRDA:84,22,0,0
BRDA:84,22,1,0
BRDA:92,23,0,0
BRDA:92,23,1,0
BRDA:93,24,0,0
BRDA:93,24,1,0
BRDA:94,25,0,0
BRDA:94,25,1,0
BRDA:100,26,0,0
BRDA:100,26,1,0
BRDA:106,27,0,0
BRDA:106,27,1,0
BRDA:110,28,0,0
BRDA:110,28,1,0
BRDA:117,29,0,0
BRDA:117,29,1,0
BRDA:139,30,0,0
BRDA:139,30,1,0
BRDA:141,31,0,0
BRDA:141,31,1,0
BRDA:141,32,0,0
BRDA:141,32,1,0
BRDA:147,33,0,0
BRDA:147,33,1,0
BRDA:147,34,0,0
BRDA:147,34,1,0
BRDA:157,35,0,0
BRDA:157,35,1,0
BRDA:157,36,0,0
BRDA:157,36,1,0
BRDA:160,37,0,0
BRDA:160,37,1,0
BRDA:166,38,0,0
BRDA:166,38,1,0
BRDA:168,39,0,0
BRDA:168,39,1,0
BRDA:173,40,0,0
BRDA:173,40,1,0
BRDA:173,41,0,0
BRDA:173,41,1,0
BRDA:179,42,0,0
BRDA:179,42,1,0
BRDA:190,43,0,0
BRDA:190,43,1,0
BRDA:190,44,0,0
BRDA:190,44,1,0
BRDA:195,45,0,0
BRDA:195,45,1,0
BRDA:201,46,0,0
BRDA:201,46,1,0
BRDA:201,47,0,0
BRDA:201,47,1,0
BRDA:213,48,0,0
BRDA:213,48,1,0
BRDA:219,49,0,0
BRDA:219,49,1,0
BRDA:219,50,0,0
BRDA:219,50,1,0
BRDA:231,51,0,0
BRDA:231,51,1,0
BRDA:246,52,0,0
BRDA:246,52,1,0
BRF:110
BRH:29
end_of_record
TN:
SF:out/resultsViewProvider.js
FN:2,(anonymous_0)
FN:6,(anonymous_1)
FN:9,(anonymous_2)
FN:13,(anonymous_3)
FN:15,(anonymous_4)
FN:18,(anonymous_5)
FN:19,(anonymous_6)
FN:20,(anonymous_7)
FN:27,(anonymous_8)
FN:46,(anonymous_9)
FN:53,(anonymous_10)
FN:67,(anonymous_11)
FN:87,(anonymous_12)
FN:94,(anonymous_13)
FN:101,(anonymous_14)
FN:108,(anonymous_15)
FN:115,(anonymous_16)
FN:126,(anonymous_17)
FN:138,(anonymous_18)
FN:150,(anonymous_19)
FN:161,(anonymous_20)
FN:177,(anonymous_21)
FN:253,getNonce
FNF:23
FNH:10
FNDA:18,(anonymous_0)
FNDA:0,(anonymous_1)
FNDA:0,(anonymous_2)
FNDA:2,(anonymous_3)
FNDA:0,(anonymous_4)
FNDA:2,(anonymous_5)
FNDA:2,(anonymous_6)
FNDA:0,(anonymous_7)
FNDA:2,(anonymous_8)
FNDA:9,(anonymous_9)
FNDA:0,(anonymous_10)
FNDA:0,(anonymous_11)
FNDA:1,(anonymous_12)
FNDA:3,(anonymous_13)
FNDA:1,(anonymous_14)
FNDA:1,(anonymous_15)
FNDA:0,(anonymous_16)
FNDA:0,(anonymous_17)
FNDA:0,(anonymous_18)
FNDA:0,(anonymous_19)
FNDA:0,(anonymous_20)
FNDA:0,(anonymous_21)
FNDA:0,getNonce
DA:2,2
DA:3,18
DA:4,18
DA:5,18
DA:6,18
DA:8,18
DA:10,0
DA:11,0
DA:13,2
DA:14,2
DA:16,0
DA:18,2
DA:19,2
DA:20,2
DA:21,0
DA:22,0
DA:23,0
DA:25,2
DA:27,2
DA:28,2
DA:29,2
DA:30,18
DA:31,2
DA:32,2
DA:35,2
DA:36,2
DA:37,2
DA:47,9
DA:54,0
DA:55,0
DA:65,0
DA:67,0
DA:68,0
DA:70,0
DA:71,0
DA:73,0
DA:74,0
DA:76,0
DA:77,0
DA:79,0
DA:80,0
DA:88,1
DA:89,0
DA:90,0
DA:95,3
DA:96,0
DA:97,0
DA:102,1
DA:103,0
DA:104,0
DA:109,1
DA:110,0
DA:111,0
DA:116,0
DA:117,0
DA:118,0
DA:127,0
DA:128,0
DA:129,0
DA:139,0
DA:140,0
DA:141,0
DA:151,0
DA:152,0
DA:153,0
DA:162,0
DA:163,0
DA:164,0
DA:181,0
DA:183,0
DA:185,0
DA:188,0
DA:189,0
DA:190,0
DA:194,0
DA:195,0
DA:203,0
DA:248,2
DA:249,2
DA:254,0
DA:255,0
DA:256,0
DA:257,0
DA:259,0
LF:84
LH:28
BRDA:2,0,0,2
BRDA:2,0,1,2
BRDA:2,0,2,2
BRDA:2,1,0,2
BRDA:2,1,1,0
BRDA:3,2,0,18
BRDA:3,2,1,0
BRDA:5,3,0,18
BRDA:5,3,1,0
BRDA:5,4,0,18
BRDA:5,4,1,18
BRDA:5,5,0,0
BRDA:5,5,1,18
BRDA:5,6,0,18
BRDA:5,6,1,0
BRDA:10,7,0,0
BRDA:10,7,1,0
BRDA:13,8,0,2
BRDA:13,8,1,2
BRDA:13,8,2,2
BRDA:13,9,0,2
BRDA:13,9,1,0
BRDA:18,10,0,2
BRDA:18,10,1,2
BRDA:18,10,2,2
BRDA:20,11,0,2
BRDA:20,11,1,0
BRDA:22,12,0,0
BRDA:22,12,1,0
BRDA:28,13,0,0
BRDA:28,13,1,2
BRDA:28,14,0,2
BRDA:28,14,1,2
BRDA:30,15,0,2
BRDA:30,15,1,0
BRDA:30,16,0,18
BRDA:30,16,1,0
BRDA:68,17,0,0
BRDA:68,17,1,0
BRDA:68,17,2,0
BRDA:68,17,3,0
BRDA:88,18,0,0
BRDA:88,18,1,1
BRDA:95,19,0,0
BRDA:95,19,1,3
BRDA:102,20,0,0
BRDA:102,20,1,1
BRDA:109,21,0,0
BRDA:109,21,1,1
BRDA:116,22,0,0
BRDA:116,22,1,0
BRDA:121,23,0,0
BRDA:121,23,1,0
BRDA:127,24,0,0
BRDA:127,24,1,0
BRDA:133,25,0,0
BRDA:133,25,1,0
BRDA:139,26,0,0
BRDA:139,26,1,0
BRDA:151,27,0,0
BRDA:151,27,1,0
BRDA:162,28,0,0
BRDA:162,28,1,0
BRF:63
BRH:27
end_of_record
TN:
SF:out/test/setup.js
FN:34,(anonymous_0)
FN:38,(anonymous_1)
FN:40,(anonymous_2)
FN:44,(anonymous_3)
FN:52,(anonymous_4)
FN:58,(anonymous_5)
FN:78,(anonymous_6)
FN:79,(anonymous_7)
FN:85,(anonymous_8)
FNF:9
FNH:1
FNDA:0,(anonymous_0)
FNDA:0,(anonymous_1)
FNDA:0,(anonymous_2)
FNDA:0,(anonymous_3)
FNDA:0,(anonymous_4)
FNDA:0,(anonymous_5)
FNDA:1,(anonymous_6)
FNDA:0,(anonymous_7)
FNDA:0,(anonymous_8)
DA:2,2
DA:3,2
DA:4,2
DA:6,2
DA:16,2
DA:17,2
DA:22,2
DA:23,2
DA:34,0
DA:36,2
DA:38,2
DA:40,0
DA:44,0
DA:52,0
DA:58,0
DA:78,2
DA:79,0
DA:85,2
LF:18
LH:12
BRF:0
BRH:0
end_of_record
TN:
SF:src/PrestoCodeLensProvider.ts
FN:12,(anonymous_9)
FN:22,(anonymous_10)
FNF:2
FNH:0
FNDA:0,(anonymous_9)
FNDA:0,(anonymous_10)
DA:1,1
DA:6,1
DA:23,0
DA:24,0
DA:28,0
DA:30,0
DA:31,0
DA:32,0
DA:33,0
DA:34,0
DA:35,0
DA:38,0
DA:39,0
DA:40,0
DA:41,0
DA:42,0
DA:44,0
DA:46,0
DA:47,0
DA:48,0
DA:52,0
DA:53,0
DA:54,0
DA:56,0
DA:57,0
DA:60,0
DA:62,0
DA:68,0
DA:71,0
DA:74,0
LF:30
LH:2
BRDA:33,0,0,0
BRDA:39,1,0,0
BRDA:53,2,0,0
BRDA:53,2,1,0
BRF:4
BRH:0
end_of_record
TN:
SF:src/extension.ts
FN:25,(anonymous_10)
FN:36,activate
FN:52,(anonymous_12)
FN:135,(anonymous_13)
FN:260,deactivate
FNF:5
FNH:1
FNDA:0,(anonymous_10)
FNDA:3,activate
FNDA:0,(anonymous_12)
FNDA:0,(anonymous_13)
FNDA:0,deactivate
DA:1,1
DA:3,1
DA:4,1
DA:5,1
DA:6,1
DA:7,1
DA:21,1
DA:25,1
DA:26,0
DA:36,1
DA:38,3
DA:41,3
DA:42,3
DA:47,0
DA:52,0
DA:53,0
DA:54,0
DA:55,0
DA:59,0
DA:60,0
DA:61,0
DA:62,0
DA:67,0
DA:68,0
DA:71,0
DA:72,0
DA:74,0
DA:75,0
DA:76,0
DA:77,0
DA:78,0
DA:79,0
DA:80,0
DA:81,0
DA:82,0
DA:83,0
DA:87,0
DA:88,0
DA:93,0
DA:105,0
DA:106,0
DA:109,0
DA:111,0
DA:112,0
DA:114,0
DA:115,0
DA:116,0
DA:117,0
DA:118,0
DA:119,0
DA:120,0
DA:121,0
DA:122,0
DA:125,0
DA:126,0
DA:127,0
DA:128,0
DA:129,0
DA:130,0
DA:132,0
DA:133,0
DA:134,0
DA:135,0
DA:140,0
DA:141,0
DA:142,0
DA:144,0
DA:145,0
DA:146,0
DA:150,0
DA:151,0
DA:152,0
DA:153,0
DA:155,0
DA:156,0
DA:157,0
DA:159,0
DA:161,0
DA:164,0
DA:165,0
DA:167,0
DA:169,0
DA:170,0
DA:171,0
DA:172,0
DA:173,0
DA:175,0
DA:176,0
DA:177,0
DA:180,0
DA:181,0
DA:182,0
DA:187,0
DA:188,0
DA:189,0
DA:193,0
DA:196,0
DA:197,0
DA:198,0
DA:201,0
DA:202,0
DA:214,0
DA:215,0
DA:216,0
DA:217,0
DA:221,0
DA:226,0
DA:230,0
DA:242,0
DA:243,0
DA:247,0
DA:248,0
DA:249,0
DA:250,0
DA:254,0
DA:260,1
DA:261,0
LF:117
LH:13
BRDA:53,0,0,0
BRDA:60,1,0,0
BRDA:68,2,0,0
BRDA:68,2,1,0
BRDA:78,3,0,0
BRDA:78,3,1,0
BRDA:79,4,0,0
BRDA:79,4,1,0
BRDA:80,5,0,0
BRDA:80,5,1,0
BRDA:87,6,0,0
BRDA:94,7,0,0
BRDA:94,7,1,0
BRDA:98,8,0,0
BRDA:98,8,1,0
BRDA:105,9,0,0
BRDA:132,10,0,0
BRDA:134,11,0,0
BRDA:134,12,0,0
BRDA:134,12,1,0
BRDA:140,13,0,0
BRDA:140,14,0,0
BRDA:140,14,1,0
BRDA:151,15,0,0
BRDA:151,16,0,0
BRDA:151,16,1,0
BRDA:155,17,0,0
BRDA:155,17,1,0
BRDA:162,18,0,0
BRDA:162,18,1,0
BRDA:164,19,0,0
BRDA:170,20,0,0
BRDA:170,21,0,0
BRDA:170,21,1,0
BRDA:176,22,0,0
BRDA:187,23,0,0
BRDA:187,24,0,0
BRDA:187,24,1,0
BRDA:193,25,0,0
BRDA:193,25,1,0
BRDA:201,26,0,0
BRDA:201,26,1,0
BRDA:201,27,0,0
BRDA:201,27,1,0
BRDA:214,28,0,0
BRDA:221,29,0,0
BRDA:221,30,0,0
BRDA:221,30,1,0
BRDA:234,31,0,0
BRDA:234,31,1,0
BRDA:248,32,0,0
BRDA:248,32,1,0
BRF:52
BRH:0
end_of_record
TN:
SF:src/resultsViewProvider.ts
FN:16,(anonymous_9)
FN:24,(anonymous_10)
FN:45,(anonymous_11)
FN:67,(anonymous_12)
FN:75,(anonymous_13)
FN:92,(anonymous_14)
FN:100,(anonymous_15)
FN:108,(anonymous_16)
FN:120,(anonymous_17)
FN:133,(anonymous_18)
FN:146,(anonymous_19)
FN:167,(anonymous_20)
FN:185,(anonymous_21)
FN:266,getNonce
FNF:14
FNH:5
FNDA:9,(anonymous_9)
FNDA:0,(anonymous_10)
FNDA:0,(anonymous_11)
FNDA:1,(anonymous_12)
FNDA:3,(anonymous_13)
FNDA:1,(anonymous_14)
FNDA:1,(anonymous_15)
FNDA:0,(anonymous_16)
FNDA:0,(anonymous_17)
FNDA:0,(anonymous_18)
FNDA:0,(anonymous_19)
FNDA:0,(anonymous_20)
FNDA:0,(anonymous_21)
FNDA:0,getNonce
DA:1,2
DA:10,2
DA:12,2
DA:17,9
DA:29,0
DA:31,0
DA:42,0
DA:45,0
DA:46,0
DA:48,0
DA:49,0
DA:51,0
DA:52,0
DA:54,0
DA:55,0
DA:57,0
DA:58,0
DA:68,1
DA:69,0
DA:70,0
DA:85,3
DA:86,0
DA:87,0
DA:93,1
DA:94,0
DA:95,0
DA:101,1
DA:102,0
DA:103,0
DA:109,0
DA:110,0
DA:111,0
DA:121,0
DA:122,0
DA:123,0
DA:134,0
DA:135,0
DA:136,0
DA:156,0
DA:157,0
DA:158,0
DA:168,0
DA:169,0
DA:170,0
DA:190,0
DA:193,0
DA:196,0
DA:200,0
DA:201,0
DA:202,0
DA:207,0
DA:208,0
DA:217,0
DA:267,0
DA:268,0
DA:269,0
DA:270,0
DA:272,0
LF:58
LH:8
BRDA:46,0,0,0
BRDA:46,0,1,0
BRDA:46,0,2,0
BRDA:46,0,3,0
BRDA:68,1,0,0
BRDA:85,2,0,0
BRDA:93,3,0,0
BRDA:101,4,0,0
BRDA:109,5,0,0
BRDA:114,6,0,0
BRDA:114,6,1,0
BRDA:121,7,0,0
BRDA:127,8,0,0
BRDA:127,8,1,0
BRDA:134,9,0,0
BRDA:156,10,0,0
BRDA:168,11,0,0
BRF:17
BRH:0
end_of_record
